0 verbose cli /usr/local/nvm/versions/node/v20.18.0/bin/node /usr/local/nvm/versions/node/v20.18.0/bin/npm
1 info using npm@10.9.0
2 info using node@v20.18.0
3 silly config load:file:/usr/local/nvm/versions/node/v20.18.0/lib/node_modules/npm/npmrc
4 silly config load:file:/home/developers/pos_system/backend/.npmrc
5 silly config load:file:/home/developers/.npmrc
6 silly config load:file:/usr/local/nvm/versions/node/v20.18.0/etc/npmrc
7 verbose title npm init
8 verbose argv "init" "--yes"
9 verbose logfile logs-max:10 dir:/home/developers/.npm/_logs/2024-10-09T16_29_37_411Z-
10 verbose logfile /home/developers/.npm/_logs/2024-10-09T16_29_37_411Z-debug-0.log
11 silly logfile start cleaning logs, removing 13 files
12 silly package data {
12 silly package data   name: 'backend',
12 silly package data   version: '1.0.0',
12 silly package data   main: 'index.js',
12 silly package data   scripts: { test: 'echo "Error: no test specified" && exit 1' },
12 silly package data   keywords: [],
12 silly package data   author: '',
12 silly package data   license: 'ISC',
12 silly package data   description: ''
12 silly package data }
13 verbose cwd /home/developers/pos_system/backend
14 verbose os Linux 6.1.100+
15 verbose node v20.18.0
16 verbose npm  v10.9.0
17 verbose exit 0
18 info ok
